ERROR - 2026-01-21 07:41:51 --> Error connecting to the database: mysqli_sql_exception: Unknown database 'labutaca_v2' in /var/www/html/labutaca2/system/Database/MySQLi/Connection.php:201
Stack trace:
#0 /var/www/html/labutaca2/system/Database/MySQLi/Connection.php(201): mysqli->real_connect()
#1 /var/www/html/labutaca2/system/Database/BaseConnection.php(419): CodeIgniter\Database\MySQLi\Connection->connect()
#2 /var/www/html/labutaca2/system/Database/BaseConnection.php(614): CodeIgniter\Database\BaseConnection->initialize()
#3 /var/www/html/labutaca2/system/Database/BaseBuilder.php(1649): CodeIgniter\Database\BaseConnection->query()
#4 /var/www/html/labutaca2/system/Model.php(286): CodeIgniter\Database\BaseBuilder->get()
#5 /var/www/html/labutaca2/system/BaseModel.php(677): CodeIgniter\Model->doFindAll()
#6 /var/www/html/labutaca2/app/Models/ContenidoModel.php(19): CodeIgniter\BaseModel->findAll()
#7 /var/www/html/labutaca2/app/Controllers/Home.php(13): App\Models\ContenidoModel->getPeliculas()
#8 /var/www/html/labutaca2/system/CodeIgniter.php(933): App\Controllers\Home->index()
#9 /var/www/html/labutaca2/system/CodeIgniter.php(507): CodeIgniter\CodeIgniter->runController()
#10 /var/www/html/labutaca2/system/CodeIgniter.php(354): CodeIgniter\CodeIgniter->handleRequest()
#11 /var/www/html/labutaca2/system/Boot.php(363): CodeIgniter\CodeIgniter->run()
#12 /var/www/html/labutaca2/system/Boot.php(68): CodeIgniter\Boot::runCodeIgniter()
#13 /var/www/html/labutaca2/public/index.php(59): CodeIgniter\Boot::bootWeb()
#14 {main}

Next CodeIgniter\Database\Exceptions\DatabaseException: Unknown database 'labutaca_v2' in /var/www/html/labutaca2/system/Database/MySQLi/Connection.php:246
Stack trace:
#0 /var/www/html/labutaca2/system/Database/BaseConnection.php(419): CodeIgniter\Database\MySQLi\Connection->connect()
#1 /var/www/html/labutaca2/system/Database/BaseConnection.php(614): CodeIgniter\Database\BaseConnection->initialize()
#2 /var/www/html/labutaca2/system/Database/BaseBuilder.php(1649): CodeIgniter\Database\BaseConnection->query()
#3 /var/www/html/labutaca2/system/Model.php(286): CodeIgniter\Database\BaseBuilder->get()
#4 /var/www/html/labutaca2/system/BaseModel.php(677): CodeIgniter\Model->doFindAll()
#5 /var/www/html/labutaca2/app/Models/ContenidoModel.php(19): CodeIgniter\BaseModel->findAll()
#6 /var/www/html/labutaca2/app/Controllers/Home.php(13): App\Models\ContenidoModel->getPeliculas()
#7 /var/www/html/labutaca2/system/CodeIgniter.php(933): App\Controllers\Home->index()
#8 /var/www/html/labutaca2/system/CodeIgniter.php(507): CodeIgniter\CodeIgniter->runController()
#9 /var/www/html/labutaca2/system/CodeIgniter.php(354): CodeIgniter\CodeIgniter->handleRequest()
#10 /var/www/html/labutaca2/system/Boot.php(363): CodeIgniter\CodeIgniter->run()
#11 /var/www/html/labutaca2/system/Boot.php(68): CodeIgniter\Boot::runCodeIgniter()
#12 /var/www/html/labutaca2/public/index.php(59): CodeIgniter\Boot::bootWeb()
#13 {main}
CRITICAL - 2026-01-21 07:41:51 --> CodeIgniter\Database\Exceptions\DatabaseException: Unable to connect to the database.
Main connection [MySQLi]: Unknown database 'labutaca_v2'
[Method: GET, Route: /]
in SYSTEMPATH/Database/BaseConnection.php on line 465.
 1 SYSTEMPATH/Database/BaseConnection.php(614): CodeIgniter\Database\BaseConnection->initialize()
 2 SYSTEMPATH/Database/BaseBuilder.php(1649): CodeIgniter\Database\BaseConnection->query()
 3 SYSTEMPATH/Model.php(286): CodeIgniter\Database\BaseBuilder->get()
 4 SYSTEMPATH/BaseModel.php(677): CodeIgniter\Model->doFindAll()
 5 APPPATH/Models/ContenidoModel.php(19): CodeIgniter\BaseModel->findAll()
 6 APPPATH/Controllers/Home.php(13): App\Models\ContenidoModel->getPeliculas()
 7 SYSTEMPATH/CodeIgniter.php(933): App\Controllers\Home->index()
 8 SYSTEMPATH/CodeIgniter.php(507): CodeIgniter\CodeIgniter->runController()
 9 SYSTEMPATH/CodeIgniter.php(354): CodeIgniter\CodeIgniter->handleRequest()
10 SYSTEMPATH/Boot.php(363): CodeIgniter\CodeIgniter->run()
11 SYSTEMPATH/Boot.php(68): CodeIgniter\Boot::runCodeIgniter()
12 FCPATH/index.php(59): CodeIgniter\Boot::bootWeb()
DEBUG - 2026-01-21 12:47:50 --> Session: Class initialized using 'CodeIgniter\Session\Handlers\FileHandler' driver.
DEBUG - 2026-01-21 12:47:50 --> Session: Class initialized using 'CodeIgniter\Session\Handlers\FileHandler' driver.
CRITICAL - 2026-01-21 12:47:50 --> Error: Class "App\Models\UsuarioModel" not found
[Method: GET, Route: auth]
in APPPATH/Controllers/Auth.php on line 14.
 1 SYSTEMPATH/CodeIgniter.php(933): App\Controllers\Auth->index()
 2 SYSTEMPATH/CodeIgniter.php(507): CodeIgniter\CodeIgniter->runController()
 3 SYSTEMPATH/CodeIgniter.php(354): CodeIgniter\CodeIgniter->handleRequest()
 4 SYSTEMPATH/Boot.php(363): CodeIgniter\CodeIgniter->run()
 5 SYSTEMPATH/Boot.php(68): CodeIgniter\Boot::runCodeIgniter()
 6 FCPATH/index.php(59): CodeIgniter\Boot::bootWeb()
DEBUG - 2026-01-21 12:48:09 --> Session: Class initialized using 'CodeIgniter\Session\Handlers\FileHandler' driver.
DEBUG - 2026-01-21 12:48:16 --> Session: Class initialized using 'CodeIgniter\Session\Handlers\FileHandler' driver.
DEBUG - 2026-01-21 12:48:16 --> Session: Class initialized using 'CodeIgniter\Session\Handlers\FileHandler' driver.
DEBUG - 2026-01-21 12:49:32 --> Session: Class initialized using 'CodeIgniter\Session\Handlers\FileHandler' driver.
DEBUG - 2026-01-21 12:49:33 --> Session: Class initialized using 'CodeIgniter\Session\Handlers\FileHandler' driver.
DEBUG - 2026-01-21 12:50:04 --> Session: Class initialized using 'CodeIgniter\Session\Handlers\FileHandler' driver.
DEBUG - 2026-01-21 12:50:05 --> Session: Class initialized using 'CodeIgniter\Session\Handlers\FileHandler' driver.
DEBUG - 2026-01-21 12:50:05 --> Session: Class initialized using 'CodeIgniter\Session\Handlers\FileHandler' driver.
DEBUG - 2026-01-21 12:50:05 --> Session: Class initialized using 'CodeIgniter\Session\Handlers\FileHandler' driver.
DEBUG - 2026-01-21 12:51:13 --> Session: Class initialized using 'CodeIgniter\Session\Handlers\FileHandler' driver.
DEBUG - 2026-01-21 12:51:14 --> Session: Class initialized using 'CodeIgniter\Session\Handlers\FileHandler' driver.
DEBUG - 2026-01-21 12:51:36 --> Session: Class initialized using 'CodeIgniter\Session\Handlers\FileHandler' driver.
DEBUG - 2026-01-21 12:51:40 --> Session: Class initialized using 'CodeIgniter\Session\Handlers\FileHandler' driver.
DEBUG - 2026-01-21 12:51:40 --> Session: Class initialized using 'CodeIgniter\Session\Handlers\FileHandler' driver.
